<?xml version="1.0" encoding="UTF-8"?>
<!-- Generated by org.testng.reporters.JUnitXMLReporter -->
<testsuite ignored="0" hostname="DESKTOP-SC9NUTS" failures="1" tests="1" name="Test" time="15.058" errors="0" timestamp="2024-03-04T01:48:53 EST">
  <testcase classname="assignments.Q7_Login" name="testLogin" time="6.228">
    <failure type="java.lang.AssertionError" message="expected [Facebook] but found [https://www.facebook.com/checkpoint/1501092823525282/?next=https%3A%2F%2Fwww.facebook.com%2F%3Fsk%3Dwelcome]">
      <![CDATA[java.lang.AssertionError: expected [Facebook] but found [https://www.facebook.com/checkpoint/1501092823525282/?next=https%3A%2F%2Fwww.facebook.com%2F%3Fsk%3Dwelcome]
at assignments.Q7_Login.testLogin(Q7_Login.java:49)
at java.base/java.util.ArrayList.forEach(ArrayList.java:1511)
... Removed 33 stack frames]]>
    </failure>
  </testcase> <!-- testLogin -->
</testsuite> <!-- Test -->
